<?xml version="1.0" encoding="UTF-8"?>
<!-- Generated by org.testng.reporters.JUnitXMLReporter -->
<testsuite hostname="TT0022324" ignored="0" name="Test" tests="3" failures="2" timestamp="2020-06-28T12:45:30 EET" time="30.053" errors="0">
  <testcase name="goAccount" time="4.092" classname="hepsiburada.DemoHomework.Homepage"/>
  <testcase name="goAraundOnProducts" time="13.245" classname="hepsiburada.DemoHomework.Homepage">
    <failure type="java.lang.AssertionError" message="expected [true] but found [false]">
      <![CDATA[java.lang.AssertionError: expected [true] but found [false]
at hepsiburada.DemoHomework.Homepage.goAraundOnProducts(Homepage.java:55)
at java.util.ArrayList.forEach(Unknown Source)
... Removed 31 stack frames]]>
    </failure>
  </testcase> <!-- goAraundOnProducts -->
  <testcase name="goAraundOnProducts" time="13.255" classname="hepsiburada.DemoHomework.Homepage">
    <failure type="java.lang.NullPointerException">
      <![CDATA[java.lang.NullPointerException
at hepsiburada.DemoHomework.Base.getScreenShotPath(Base.java:55)
at hepsiburada.DemoHomework.Listeners.onTestFailure(Listeners.java:49)
at java.util.ArrayList.forEach(Unknown Source)
... Removed 24 stack frames]]>
    </failure>
  </testcase> <!-- goAraundOnProducts -->
</testsuite> <!-- Test -->
